Process:         cub3D [39715]
Path:            /Volumes/VOLUME/*/cub3D
Load Address:    0x104587000
Identifier:      cub3D
Version:         ???
Code Type:       X86-64
Parent Process:  zsh [65262]

Date/Time:       2023-11-06 13:37:37.032 +0100
Launch Time:     2023-11-06 13:37:36.665 +0100
OS Version:      Mac OS X 10.15.7 (19H2026)
Report Version:  7
Analysis Tool:   /Applications/Xcode.app/Contents/Developer/usr/bin/leaks
Analysis Tool Version:  Xcode 12.4 (12D4e)

Physical footprint:         756K
Physical footprint (peak):  756K
----

leaks Report Version: 4.0
Process 39715: 780 nodes malloced for 54 KB
Process 39715: 72 leaks for 1920 total leaked bytes.

    72 (1.88K) << TOTAL >>

      3 (80 bytes) ROOT LEAK: 0x7fc15940e8d0 [32]
         1 (32 bytes) 0x7fc15940e8f0 [32]  length: 28  "./path_to_the_north_texture"
         1 (16 bytes) 0x7fc15940ea30 [16]  length: 2  "NO"

      3 (80 bytes) ROOT LEAK: 0x7fc15940e910 [32]
         1 (32 bytes) 0x7fc15940e940 [32]  length: 28  "./path_to_the_south_texture"
         1 (16 bytes) 0x7fc15940e930 [16]  length: 2  "SO"

      3 (80 bytes) ROOT LEAK: 0x7fc15940ea60 [32]
         1 (32 bytes) 0x7fc15940e8b0 [32]  length: 28  "./path_to_the_north_texture"
         1 (16 bytes) 0x7fc15940ea20 [16]  length: 2  "NO"

      3 (80 bytes) ROOT LEAK: 0x7fc15940ebd0 [32]
         1 (32 bytes) 0x7fc15940ebf0 [32]  length: 27  "./path_to_the_west_texture"
         1 (16 bytes) 0x7fc15940e960 [16]  length: 2  "WE"

      3 (80 bytes) ROOT LEAK: 0x7fc15940ec10 [32]
         1 (32 bytes) 0x7fc15940ec40 [32]  length: 27  "./path_to_the_east_texture"
         1 (16 bytes) 0x7fc15940ec30 [16]  length: 2  "EA"

      3 (80 bytes) ROOT LEAK: 0x7fc15940ec60 [32]
         1 (32 bytes) 0x7fc15940ec90 [32]  length: 27  "./path_to_the_east_texture"
         1 (16 bytes) 0x7fc15940ec80 [16]  length: 2  "EA"

      3 (80 bytes) ROOT LEAK: 0x7fc15940ecb0 [32]
         1 (32 bytes) 0x7fc15940ece0 [32]  length: 28  "./path_to_the_south_texture"
         1 (16 bytes) 0x7fc15940ecd0 [16]  length: 2  "SO"

      3 (80 bytes) ROOT LEAK: 0x7fc15940ed00 [32]
         1 (32 bytes) 0x7fc15940ed30 [32]  length: 28  "./path_to_the_north_texture"
         1 (16 bytes) 0x7fc15940ed20 [16]  length: 2  "NO"

      3 (80 bytes) ROOT LEAK: 0x7fc15940ed50 [32]
         1 (32 bytes) 0x7fc15940ed80 [32]  length: 28  "./path_to_the_south_texture"
         1 (16 bytes) 0x7fc15940ed70 [16]  length: 2  "SO"

      3 (80 bytes) ROOT LEAK: 0x7fc15940eda0 [32]
         1 (32 bytes) 0x7fc15940edd0 [32]  length: 27  "./path_to_the_west_texture"
         1 (16 bytes) 0x7fc15940edc0 [16]  length: 2  "WE"

      3 (80 bytes) ROOT LEAK: 0x7fc15940edf0 [32]
         1 (32 bytes) 0x7fc15940ee20 [32]  length: 27  "./path_to_the_east_texture"
         1 (16 bytes) 0x7fc15940ee10 [16]  length: 2  "EA"

      3 (80 bytes) ROOT LEAK: 0x7fc15940ee40 [32]
         1 (32 bytes) 0x7fc15940ee70 [32]  length: 27  "./path_to_the_east_texture"
         1 (16 bytes) 0x7fc15940ee60 [16]  length: 2  "EA"

      3 (80 bytes) ROOT LEAK: 0x7fc15940ee90 [32]
         1 (32 bytes) 0x7fc15940eec0 [32]  length: 27  "./path_to_the_west_texture"
         1 (16 bytes) 0x7fc15940eeb0 [16]  length: 2  "WE"

      3 (80 bytes) ROOT LEAK: 0x7fc15940eee0 [32]
         1 (32 bytes) 0x7fc15940ef10 [32]  length: 28  "./path_to_the_north_texture"
         1 (16 bytes) 0x7fc15940ef00 [16]  length: 2  "NO"

      3 (80 bytes) ROOT LEAK: 0x7fc15940ef30 [32]
         1 (32 bytes) 0x7fc15940ef60 [32]  length: 28  "./path_to_the_south_texture"
         1 (16 bytes) 0x7fc15940ef50 [16]  length: 2  "SO"

      3 (80 bytes) ROOT LEAK: 0x7fc15940ef80 [32]
         1 (32 bytes) 0x7fc15940efb0 [32]  length: 27  "./path_to_the_west_texture"
         1 (16 bytes) 0x7fc15940efa0 [16]  length: 2  "WE"

      3 (80 bytes) ROOT LEAK: 0x7fc15940efd0 [32]
         1 (32 bytes) 0x7fc15940f000 [32]  length: 27  "./path_to_the_east_texture"
         1 (16 bytes) 0x7fc15940eff0 [16]  length: 2  "EA"

      3 (80 bytes) ROOT LEAK: 0x7fc15940f020 [32]
         1 (32 bytes) 0x7fc15940f050 [32]  length: 27  "./path_to_the_east_texture"
         1 (16 bytes) 0x7fc15940f040 [16]  length: 2  "EA"

      3 (80 bytes) ROOT LEAK: 0x7fc15940f0c0 [32]
         1 (32 bytes) 0x7fc15940f0f0 [32]  length: 28  "./path_to_the_north_texture"
         1 (16 bytes) 0x7fc15940f0e0 [16]  length: 2  "NO"

      3 (80 bytes) ROOT LEAK: 0x7fc15940f110 [32]
         1 (32 bytes) 0x7fc15940f140 [32]  length: 28  "./path_to_the_south_texture"
         1 (16 bytes) 0x7fc15940f130 [16]  length: 2  "SO"

      3 (80 bytes) ROOT LEAK: 0x7fc15940f160 [32]
         1 (32 bytes) 0x7fc15940f190 [32]  length: 27  "./path_to_the_west_texture"
         1 (16 bytes) 0x7fc15940f180 [16]  length: 2  "WE"

      3 (80 bytes) ROOT LEAK: 0x7fc15940f1b0 [32]
         1 (32 bytes) 0x7fc15940f1e0 [32]  length: 27  "./path_to_the_east_texture"
         1 (16 bytes) 0x7fc15940f1d0 [16]  length: 2  "EA"

      3 (64 bytes) ROOT LEAK: 0x7fc15940e360 [32]
         1 (16 bytes) 0x7fc15940e380 [16]  length: 4  "file"
         1 (16 bytes) 0x7fc15940e390 [16]  length: 3  "cub"

      2 (48 bytes) ROOT LEAK: 0x7fc15940e830 [32]
         1 (16 bytes) 0x7fc15940e350 [16]

      1 (48 bytes) ROOT LEAK: 0x7fc15940eba0 [48]

