[34mChecking Norminette...[0m
main.c: Error!
Error: SPACE_AFTER_KW       (line:  22, col:   9):	Missing space after keyword
Error: SPC_BFR_PAR          (line:  22, col:  11):	Missing space before parenthesis (brace/bracket)
Error: WRONG_SCOPE_COMMENT  (line:  38, col:   5):	Comment is invalid in this scope
Error: LINE_TOO_LONG        (line:  39, col:   1):	line too long
Error: WRONG_SCOPE_COMMENT  (line:  39, col:   5):	Comment is invalid in this scope
Error: LINE_TOO_LONG        (line:  39, col: 481):	line too long
Error: WRONG_SCOPE_COMMENT  (line:  48, col:  13):	Comment is invalid in this scope
Error: WRONG_SCOPE_COMMENT  (line:  57, col:  13):	Comment is invalid in this scope
Error: WRONG_SCOPE_COMMENT  (line:  58, col:  13):	Comment is invalid in this scope
Error: WRONG_SCOPE_COMMENT  (line:  66, col:   9):	Comment is invalid in this scope
Error: WRONG_SCOPE_COMMENT  (line:  69, col:   5):	Comment is invalid in this scope
Error: WRONG_SCOPE_COMMENT  (line:  72, col:   5):	Comment is invalid in this scope
Error: TOO_MANY_LINES       (line:  76, col:   1):	Function has more than 25 lines
inits/init_cub3d.c: OK!
utils/ft_free.c: OK!
utils/ft_add_pp.c: OK!
utils/ft_pplen.c: OK!
utils/ft_freepp.c: OK!
checker/open_file.c: OK!
parser/parse_textures.c: OK!
parser/parse_textures_2.c: OK!
parser/parse_rgb.c: OK!
parser/parse_rgb_2.c: OK!
parser/parse_cub.c: OK!
inits/init_mlx.c: OK!
handlers/handler_background.c: OK!
parser/parse_map.c: OK!
parser/parse_map_2.c: OK!
utils/ft_printpp.c: OK!
utils/ft_ppdup.c: OK!
handlers/handler_textures.c: OK!
inits/init_player.c: OK!
raycasting/raycasting.c: OK!
raycasting/pos_len_ray.c: OK!
raycasting/ft_dda.c: OK!
raycasting/pos_len_line.c: OK!
raycasting/extract_line_tex.c: OK!
raycasting/draw_line.c: OK!
handlers/handler_camera.c: OK!
handlers/handler_moves.c: OK!
handlers/handler_minimap_bonus.c: OK!
./includes/Cub3d.h: OK!
./includes/error_messages.h: OK!
[34mChecking Norminette...[0m
main.c: OK!
inits/init_cub3d.c: OK!
utils/ft_free.c: OK!
utils/ft_add_pp.c: OK!
utils/ft_pplen.c: OK!
utils/ft_freepp.c: OK!
checker/open_file.c: OK!
parser/parse_textures.c: OK!
parser/parse_textures_2.c: OK!
parser/parse_rgb.c: OK!
parser/parse_rgb_2.c: OK!
parser/parse_cub.c: OK!
inits/init_mlx.c: OK!
handlers/handler_background.c: OK!
parser/parse_map.c: OK!
parser/parse_map_2.c: OK!
utils/ft_printpp.c: OK!
utils/ft_ppdup.c: OK!
handlers/handler_textures.c: OK!
inits/init_player.c: OK!
raycasting/raycasting.c: OK!
raycasting/pos_len_ray.c: OK!
raycasting/ft_dda.c: OK!
raycasting/pos_len_line.c: OK!
raycasting/extract_line_tex.c: OK!
raycasting/draw_line.c: OK!
handlers/handler_camera.c: OK!
handlers/handler_moves.c: OK!
handlers/handler_minimap_bonus.c: OK!
./includes/Cub3d.h: OK!
./includes/error_messages.h: OK!
