==30408== Memcheck, a memory error detector
==30408== Copyright (C) 2002-2022, and GNU GPL'd, by Julian Seward et al.
==30408== Using Valgrind-3.21.0.GIT-lbmacos and LibVEX; rerun with -h for copyright info
==30408== Command: ./cub3D file.cub
==30408== Parent PID: 51693
==30408== 
--30408-- run: /usr/bin/dsymutil "./cub3D"
==30408== 
==30408== Process terminating with default action of signal 2 (SIGINT)
==30408==    at 0x258058E98: vgPlain_amd64_darwin_REDIR_FOR_strcmp (in /Users/preina-g/.brew/Cellar/valgrind/HEAD-73c9e41/libexec/valgrind/memcheck-amd64-darwin)
==30408==    by 0x10003B6DC: dyld::loadPhase4(char const*, char const*, dyld::LoadContext const&, unsigned int&, std::__1::vector<char const*, std::__1::allocator<char const*> >*) (in /usr/lib/dyld)
==30408==    by 0x10003B446: dyld::loadPhase3(char const*, char const*, dyld::LoadContext const&, unsigned int&, std::__1::vector<char const*, std::__1::allocator<char const*> >*) (in /usr/lib/dyld)
==30408==    by 0x10003AB00: dyld::loadPhase1(char const*, char const*, dyld::LoadContext const&, unsigned int&, std::__1::vector<char const*, std::__1::allocator<char const*> >*) (in /usr/lib/dyld)
==30408==    by 0x100033A7C: dyld::loadPhase0(char const*, char const*, dyld::LoadContext const&, unsigned int&, std::__1::vector<char const*, std::__1::allocator<char const*> >*) (in /usr/lib/dyld)
==30408==    by 0x1000335FE: dyld::load(char const*, dyld::LoadContext const&, unsigned int&) (in /usr/lib/dyld)
==30408==    by 0x10003C460: dyld::libraryLocator(char const*, bool, char const*, ImageLoader::RPathChain const*, unsigned int&) (in /usr/lib/dyld)
==30408==    by 0x1000446F8: ImageLoader::recursiveLoadLibraries(ImageLoader::LinkContext const&, bool, ImageLoader::RPathChain const&, char const*) (in /usr/lib/dyld)
==30408==    by 0x1000449CF: ImageLoader::recursiveLoadLibraries(ImageLoader::LinkContext const&, bool, ImageLoader::RPathChain const&, char const*) (in /usr/lib/dyld)
==30408==    by 0x1000449CF: ImageLoader::recursiveLoadLibraries(ImageLoader::LinkContext const&, bool, ImageLoader::RPathChain const&, char const*) (in /usr/lib/dyld)
==30408==    by 0x1000449CF: ImageLoader::recursiveLoadLibraries(ImageLoader::LinkContext const&, bool, ImageLoader::RPathChain const&, char const*) (in /usr/lib/dyld)
==30408==    by 0x1000449CF: ImageLoader::recursiveLoadLibraries(ImageLoader::LinkContext const&, bool, ImageLoader::RPathChain const&, char const*) (in /usr/lib/dyld)
==30408== 
==30408== HEAP SUMMARY:
==30408==     in use at exit: 0 bytes in 0 blocks
==30408==   total heap usage: 0 allocs, 0 frees, 0 bytes allocated
==30408== 
==30408== All heap blocks were freed -- no leaks are possible
==30408== 
==30408== For lists of detected and suppressed errors, rerun with: -s
==30408== ERROR SUMMARY: 0 errors from 0 contexts (suppressed: 46 from 4)
